<?xml version="1.0" encoding="UTF-8"?>
<!-- Generated by org.testng.reporters.JUnitReportReporter -->
<testsuite hostname="DESKTOP-6V7A636" failures="0" tests="1" name="Bank.TestCases.Logout" time="4.058" errors="0" timestamp="2022-11-04T18:42:11 CAST" skipped="0">
  <testcase classname="Bank.TestCases.Logout" name="logOutTest" time="4.058"/>
  <system-out/>
</testsuite> <!-- Bank.TestCases.Logout -->
