<?xml version="1.0" encoding="UTF-8"?>
<!-- Generated by org.testng.reporters.JUnitReportReporter -->
<testsuite hostname="DESKTOP-6V7A636" failures="0" tests="1" name="Bank.TestCases.TC_0005_LoginTextCheck" time="3.049" errors="0" timestamp="2022-11-04T18:42:11 CAST" skipped="0">
  <testcase classname="Bank.TestCases.TC_0005_LoginTextCheck" name="checkTextTest" time="3.049"/>
  <system-out/>
</testsuite> <!-- Bank.TestCases.TC_0005_LoginTextCheck -->
